[2025-12-14 05:08:48] Login attempt for username: yunan
[2025-12-14 05:08:48] Database connected successfully
[2025-12-14 05:08:48] Checking admin table...
[2025-12-14 05:08:48] Checking users table...
[2025-12-14 05:08:48] Query executed. Rows found: 1
[2025-12-14 05:08:48] User found: yunan
[2025-12-14 05:08:48] Password verification: SUCCESS
[2025-12-14 05:08:48] Session created for user: yunan
[2025-12-14 06:44:32] Login attempt for username: yunan
[2025-12-14 06:44:32] Database connected successfully
[2025-12-14 06:44:32] Checking admin table...
[2025-12-14 06:44:32] Checking users table...
[2025-12-14 06:44:32] Query executed. Rows found: 1
[2025-12-14 06:44:32] User found: yunan
[2025-12-14 06:44:32] Password verification: SUCCESS
[2025-12-14 06:44:32] Session created for user: yunan
[2025-12-14 06:46:37] Login attempt for username: admin
[2025-12-14 06:46:37] Database connected successfully
[2025-12-14 06:46:37] Checking admin table...
[2025-12-14 06:46:37] Admin found: admin
[2025-12-14 06:46:37] Admin session created for: admin
[2025-12-14 07:05:55] Login attempt for username: yunan
[2025-12-14 07:05:55] Database connected successfully
[2025-12-14 07:05:55] Checking admin table...
[2025-12-14 07:05:55] Checking users table...
[2025-12-14 07:05:55] Query executed. Rows found: 1
[2025-12-14 07:05:55] User found: yunan
[2025-12-14 07:05:55] Password verification: SUCCESS
[2025-12-14 07:05:55] Session created for user: yunan
[2025-12-14 15:06:29] Login attempt for username: yunan
[2025-12-14 15:06:29] Database connected successfully
[2025-12-14 15:06:29] Checking admin table...
[2025-12-14 15:06:29] Checking users table...
[2025-12-14 15:06:29] Query executed. Rows found: 1
[2025-12-14 15:06:29] User found: yunan
[2025-12-14 15:06:29] Password verification: SUCCESS
[2025-12-14 15:06:29] Session created for user: yunan
[2025-12-14 15:09:06] Login attempt for username: yunan
[2025-12-14 15:09:06] Database connected successfully
[2025-12-14 15:09:06] Checking admin table...
[2025-12-14 15:09:06] Checking users table...
[2025-12-14 15:09:06] Query executed. Rows found: 1
[2025-12-14 15:09:06] User found: yunan
[2025-12-14 15:09:06] Password verification: SUCCESS
[2025-12-14 15:09:06] Session created for user: yunan
[2025-12-14 16:14:23] Login attempt for username: admin
[2025-12-14 16:14:23] Database connected successfully
[2025-12-14 16:14:23] Checking admin table...
[2025-12-14 16:14:23] Admin found: admin
[2025-12-14 16:14:23] Admin session created for: admin
[2025-12-14 16:24:37] Login attempt for username: yunan
[2025-12-14 16:24:37] Database connected successfully
[2025-12-14 16:24:37] Checking admin table...
[2025-12-14 16:24:37] Checking users table...
[2025-12-14 16:24:37] Query executed. Rows found: 1
[2025-12-14 16:24:37] User found: yunan
[2025-12-14 16:24:37] Password verification: SUCCESS
[2025-12-14 16:24:37] Session created for user: yunan
